TN:
SF:contracts/BlockHeaderToken.sol
DA:9,0
FN:9,BlockToken.onlyOwner
FNDA:0,BlockToken.onlyOwner
DA:10,0
BRDA:10,0,0,-
BRDA:10,0,1,-
DA:14,0
FN:14,BlockToken.notAmount0
FNDA:0,BlockToken.notAmount0
DA:15,0
BRDA:15,1,0,-
BRDA:15,1,1,-
DA:19,7
FN:19,BlockToken.constructor
FNDA:7,BlockToken.constructor
DA:20,7
BRDA:20,2,0,-
BRDA:20,2,1,7
DA:21,7
DA:24,0
FN:24,BlockToken.mint
FNDA:0,BlockToken.mint
DA:25,0
DA:28,0
FN:28,BlockToken.burn
FNDA:0,BlockToken.burn
DA:29,0
DA:32,0
FN:32,BlockToken.burnFrom
FNDA:0,BlockToken.burnFrom
DA:33,0
FNF:6
FNH:1
LF:13
LH:3
BRF:6
BRH:1
end_of_record
TN:
SF:contracts/BlockMarketPlace.sol
DA:35,8
FN:35,BlockMarketPlace.constructor
FNDA:8,BlockMarketPlace.constructor
DA:36,8
DA:39,11
FN:39,BlockMarketPlace.listNft
FNDA:11,BlockMarketPlace.listNft
DA:40,11
DA:42,11
BRDA:42,0,0,1
BRDA:42,0,1,10
DA:43,10
BRDA:43,1,0,1
BRDA:43,1,1,9
DA:44,7
BRDA:44,2,0,7
DA:45,7
BRDA:45,3,0,1
BRDA:45,3,1,6
DA:47,8
DA:48,8
DA:49,8
DA:50,8
DA:51,8
DA:52,8
DA:53,8
DA:54,8
DA:55,8
DA:57,8
DA:60,0
FN:60,BlockMarketPlace.getListing
FNDA:0,BlockMarketPlace.getListing
DA:61,0
DA:64,7
FN:64,BlockMarketPlace.buyNft
FNDA:7,BlockMarketPlace.buyNft
DA:65,7
DA:66,7
BRDA:66,4,0,1
BRDA:66,4,1,6
DA:67,6
DA:69,5
BRDA:69,5,0,5
BRDA:69,5,1,1
DA:70,5
BRDA:70,6,0,1
BRDA:70,6,1,4
DA:71,4
DA:72,4
DA:73,4
BRDA:73,7,0,1
BRDA:73,7,1,3
DA:74,3
BRDA:74,8,0,1
BRDA:74,8,1,2
DA:76,1
DA:77,1
DA:79,3
DA:82,0
FN:82,BlockMarketPlace.offer
FNDA:0,BlockMarketPlace.offer
DA:83,0
DA:84,0
DA:85,0
BRDA:85,9,0,-
BRDA:85,9,1,-
DA:86,0
BRDA:86,10,0,-
BRDA:86,10,1,-
DA:87,0
BRDA:87,11,0,-
BRDA:87,11,1,-
DA:88,0
BRDA:88,12,0,-
BRDA:88,12,1,-
DA:90,0
BRDA:90,13,0,-
BRDA:90,13,1,-
DA:91,0
DA:93,0
BRDA:93,14,0,-
BRDA:93,14,1,-
DA:94,0
DA:95,0
DA:96,0
DA:97,0
DA:99,0
DA:102,0
FN:102,BlockMarketPlace.getOffer
FNDA:0,BlockMarketPlace.getOffer
DA:103,0
DA:106,0
FN:106,BlockMarketPlace.acceptOffer
FNDA:0,BlockMarketPlace.acceptOffer
DA:107,0
DA:108,0
DA:110,0
BRDA:110,15,0,-
BRDA:110,15,1,-
DA:111,0
BRDA:111,16,0,-
BRDA:111,16,1,-
DA:112,0
BRDA:112,17,0,-
BRDA:112,17,1,-
DA:114,0
DA:115,0
DA:117,0
BRDA:117,18,0,-
BRDA:117,18,1,-
DA:118,0
DA:119,0
DA:120,0
BRDA:120,19,0,-
BRDA:120,19,1,-
DA:121,0
BRDA:121,20,0,-
BRDA:121,20,1,-
DA:123,0
DA:124,0
DA:126,0
DA:129,0
FN:129,BlockMarketPlace.cancelOffer
FNDA:0,BlockMarketPlace.cancelOffer
DA:130,0
DA:131,0
DA:133,0
BRDA:133,21,0,-
BRDA:133,21,1,-
DA:134,0
BRDA:134,22,0,-
BRDA:134,22,1,-
DA:136,0
DA:138,0
BRDA:138,23,0,-
BRDA:138,23,1,-
DA:139,0
DA:140,0
BRDA:140,24,0,-
BRDA:140,24,1,-
DA:142,0
DA:146,0
FN:146,BlockMarketPlace.cancelListing
FNDA:0,BlockMarketPlace.cancelListing
DA:147,0
DA:149,0
BRDA:149,25,0,-
BRDA:149,25,1,-
DA:150,0
BRDA:150,26,0,-
BRDA:150,26,1,-
DA:152,0
DA:154,0
DA:157,0
FN:157,BlockMarketPlace.changeOwner
FNDA:0,BlockMarketPlace.changeOwner
DA:158,0
BRDA:158,27,0,-
BRDA:158,27,1,-
DA:159,0
DA:162,0
FN:162,BlockMarketPlace.callAnything
FNDA:0,BlockMarketPlace.callAnything
DA:163,0
DA:164,0
DA:165,0
BRDA:165,28,0,-
BRDA:165,28,1,-
DA:168,0
FN:168,BlockMarketPlace.callname
FNDA:0,BlockMarketPlace.callname
DA:169,0
DA:170,0
DA:171,0
BRDA:171,29,0,-
BRDA:171,29,1,-
FNF:12
FNH:3
LF:93
LH:31
BRF:59
BRH:17
end_of_record
TN:
SF:contracts/BlockNft.sol
DA:11,14
FN:11,BlockNft.mint
FNDA:14,BlockNft.mint
DA:12,14
DA:13,14
DA:14,14
DA:15,14
FNF:1
FNH:1
LF:5
LH:5
BRF:0
BRH:0
end_of_record
TN:
SF:contracts/Counter.sol
DA:13,0
FN:13,Counter.setCount
FNDA:0,Counter.setCount
DA:14,0
DA:17,0
FN:17,Counter.increaseCountByOne
FNDA:0,Counter.increaseCountByOne
DA:18,0
DA:21,0
FN:21,Counter.getCount
FNDA:0,Counter.getCount
DA:22,0
FNF:3
FNH:0
LF:6
LH:0
BRF:0
BRH:0
end_of_record
TN:
SF:contracts/Lock.sol
DA:13,0
FN:13,Lock.constructor
FNDA:0,Lock.constructor
DA:14,0
BRDA:14,0,0,-
BRDA:14,0,1,-
DA:16,0
DA:17,0
DA:20,0
FN:20,Lock.withdraw
FNDA:0,Lock.withdraw
DA:24,0
BRDA:24,1,0,-
BRDA:24,1,1,-
DA:25,0
BRDA:25,2,0,-
BRDA:25,2,1,-
DA:27,0
DA:29,0
FNF:2
FNH:0
LF:9
LH:0
BRF:6
BRH:0
end_of_record
TN:
SF:contracts/MockOwner.sol
DA:13,0
FN:13,MockOwner.constructor
FNDA:0,MockOwner.constructor
DA:14,0
DA:15,0
DA:18,0
FN:18,MockOwner.callList
FNDA:0,MockOwner.callList
DA:19,0
DA:20,0
DA:21,0
DA:24,0
FN:24,MockOwner.setname
FNDA:0,MockOwner.setname
DA:25,0
DA:28,0
FN:28,MockOwner.onERC721Received
FNDA:0,MockOwner.onERC721Received
DA:33,0
DA:36,0
FN:36,MockOwner.fallback
FNDA:0,MockOwner.fallback
DA:37,0
DA:40,0
FN:40,MockOwner.receive
FNDA:0,MockOwner.receive
DA:41,0
FNF:6
FNH:0
LF:15
LH:0
BRF:0
BRH:0
end_of_record
